<?xml version="1.0" encoding="UTF-8"?>
<!-- Generated by org.testng.reporters.JUnitReportReporter -->
<testsuite hostname="Svetlanas-MacBook-Pro.local" name="javatest.com.epam.cdp.testngtests.DoubleSumTest" tests="5" failures="0" timestamp="23 Jun 2017 23:10:51 GMT" time="0.061" errors="0">
  <testcase name="testSum" time="0.049" classname="javatest.com.epam.cdp.testngtests.DoubleSumTest"/>
  <testcase name="testSum" time="0.001" classname="javatest.com.epam.cdp.testngtests.DoubleSumTest"/>
  <testcase name="testSum" time="0.003" classname="javatest.com.epam.cdp.testngtests.DoubleSumTest"/>
  <testcase name="testSum" time="0.004" classname="javatest.com.epam.cdp.testngtests.DoubleSumTest"/>
  <testcase name="testSum" time="0.004" classname="javatest.com.epam.cdp.testngtests.DoubleSumTest"/>
</testsuite> <!-- javatest.com.epam.cdp.testngtests.DoubleSumTest -->
