<?xml version="1.0" encoding="UTF-8"?>
<!-- Generated by org.testng.reporters.JUnitReportReporter -->
<testsuite hostname="Svetlanas-MacBook-Pro.local" name="javatest.com.epam.cdp.testngtests.DoubleDivTest" tests="2" failures="0" timestamp="23 Jun 2017 23:10:51 GMT" time="0.001" errors="0">
  <testcase name="testDivByOne" time="0.000" classname="javatest.com.epam.cdp.testngtests.DoubleDivTest"/>
  <testcase name="testDivByZero" time="0.001" classname="javatest.com.epam.cdp.testngtests.DoubleDivTest"/>
</testsuite> <!-- javatest.com.epam.cdp.testngtests.DoubleDivTest -->
