<?xml version="1.0" encoding="UTF-8"?>
<!-- Generated by org.testng.reporters.JUnitReportReporter -->
<testsuite hostname="Svetlanas-MacBook-Pro.local" name="javatest.com.epam.cdp.testngtests.PowSqrtTest" tests="4" failures="0" timestamp="23 Jun 2017 23:10:51 GMT" time="0.004" errors="0">
  <testcase name="testPowByInt" time="0.001" classname="javatest.com.epam.cdp.testngtests.PowSqrtTest"/>
  <testcase name="testSqrtOfOne" time="0.001" classname="javatest.com.epam.cdp.testngtests.PowSqrtTest"/>
  <testcase name="testPowByZero" time="0.001" classname="javatest.com.epam.cdp.testngtests.PowSqrtTest"/>
  <testcase name="testSqrtOfInt" time="0.001" classname="javatest.com.epam.cdp.testngtests.PowSqrtTest"/>
</testsuite> <!-- javatest.com.epam.cdp.testngtests.PowSqrtTest -->
