<?xml version="1.0" encoding="UTF-8"?>
<!-- Generated by org.testng.reporters.JUnitReportReporter -->
<testsuite hostname="Svetlanas-MacBook-Pro.local" name="javatest.com.epam.cdp.testngtests.LongSumTest" tests="5" failures="0" timestamp="23 Jun 2017 23:10:51 GMT" time="0.075" errors="0">
  <testcase name="testSum" time="0.056" classname="javatest.com.epam.cdp.testngtests.LongSumTest"/>
  <testcase name="testSum" time="0.017" classname="javatest.com.epam.cdp.testngtests.LongSumTest"/>
  <testcase name="testSum" time="0.001" classname="javatest.com.epam.cdp.testngtests.LongSumTest"/>
  <testcase name="testSum" time="0.000" classname="javatest.com.epam.cdp.testngtests.LongSumTest"/>
  <testcase name="testSum" time="0.001" classname="javatest.com.epam.cdp.testngtests.LongSumTest"/>
</testsuite> <!-- javatest.com.epam.cdp.testngtests.LongSumTest -->
