<?xml version="1.0" encoding="UTF-8"?>
<!-- Generated by org.testng.reporters.JUnitReportReporter -->
<testsuite hostname="Svetlanas-MacBook-Pro.local" name="javatest.com.epam.cdp.testngtests.SubTest" tests="24" failures="0" timestamp="23 Jun 2017 23:12:44 GMT" time="0.015" errors="0">
  <testcase name="longSub" time="0.000" classname="javatest.com.epam.cdp.testngtests.SubTest"/>
  <testcase name="longSub" time="0.000" classname="javatest.com.epam.cdp.testngtests.SubTest"/>
  <testcase name="doubleSub" time="0.001" classname="javatest.com.epam.cdp.testngtests.SubTest"/>
  <testcase name="doubleSub" time="0.000" classname="javatest.com.epam.cdp.testngtests.SubTest"/>
  <testcase name="longSub" time="0.001" classname="javatest.com.epam.cdp.testngtests.SubTest"/>
  <testcase name="doubleSub" time="0.000" classname="javatest.com.epam.cdp.testngtests.SubTest"/>
  <testcase name="doubleSub" time="0.000" classname="javatest.com.epam.cdp.testngtests.SubTest"/>
  <testcase name="doubleSub" time="0.001" classname="javatest.com.epam.cdp.testngtests.SubTest"/>
  <testcase name="doubleSub" time="0.006" classname="javatest.com.epam.cdp.testngtests.SubTest"/>
  <testcase name="doubleSub" time="0.001" classname="javatest.com.epam.cdp.testngtests.SubTest"/>
  <testcase name="longSub" time="0.000" classname="javatest.com.epam.cdp.testngtests.SubTest"/>
  <testcase name="longSub" time="0.001" classname="javatest.com.epam.cdp.testngtests.SubTest"/>
  <testcase name="doubleSub" time="0.000" classname="javatest.com.epam.cdp.testngtests.SubTest"/>
  <testcase name="longSub" time="0.000" classname="javatest.com.epam.cdp.testngtests.SubTest"/>
  <testcase name="longSub" time="0.000" classname="javatest.com.epam.cdp.testngtests.SubTest"/>
  <testcase name="longSub" time="0.000" classname="javatest.com.epam.cdp.testngtests.SubTest"/>
  <testcase name="longSub" time="0.000" classname="javatest.com.epam.cdp.testngtests.SubTest"/>
  <testcase name="doubleSub" time="0.000" classname="javatest.com.epam.cdp.testngtests.SubTest"/>
  <testcase name="longSub" time="0.000" classname="javatest.com.epam.cdp.testngtests.SubTest"/>
  <testcase name="longSub" time="0.001" classname="javatest.com.epam.cdp.testngtests.SubTest"/>
  <testcase name="longSub" time="0.000" classname="javatest.com.epam.cdp.testngtests.SubTest"/>
  <testcase name="longSub" time="0.001" classname="javatest.com.epam.cdp.testngtests.SubTest"/>
  <testcase name="doubleSub" time="0.001" classname="javatest.com.epam.cdp.testngtests.SubTest"/>
  <testcase name="longSub" time="0.001" classname="javatest.com.epam.cdp.testngtests.SubTest"/>
</testsuite> <!-- javatest.com.epam.cdp.testngtests.SubTest -->
